<?xml version="1.0" encoding="UTF-8"?>
<!-- Generated by org.testng.reporters.JUnitReportReporter -->
<testsuite skipped="3" hostname="aawad" name="tests.TestAppPage" tests="4" failures="0" timestamp="05 Oct 2019 16:02:34 GMT" time="5.334" errors="1">
  <testcase name="startDrive" time="5.334" classname="tests.TestAppPage">
    <error type="org.openqa.selenium.SessionNotCreatedException" message="session not created: This version of ChromeDriver only supports Chrome version 75
Build info: version: &#039;3.141.59&#039;, revision: &#039;e82be7d358&#039;, time: &#039;2018-11-14T08:17:03&#039;
System info: host: &#039;AAWAD&#039;, ip: &#039;222.222.101.244&#039;, os.name: &#039;Windows 10&#039;, os.arch: &#039;amd64&#039;, os.version: &#039;10.0&#039;, java.version: &#039;1.8.0_221&#039;
Driver info: driver.version: ChromeDriver
remote stacktrace: Backtrace:
	Ordinal0 [0x00A31B43+1448771]
	Ordinal0 [0x009B5A31+940593]
	Ordinal0 [0x00942293+467603]
	Ordinal0 [0x008DF27E+62078]
	Ordinal0 [0x008DBBBD+48061]
	Ordinal0 [0x008F8D09+167177]
	Ordinal0 [0x008F88DD+166109]
	Ordinal0 [0x008F6FEB+159723]
	Ordinal0 [0x008E09F6+68086]
	Ordinal0 [0x008E1990+72080]
	Ordinal0 [0x008E1929+71977]
	GetHandleVerifier [0x00B72E8C+1172172]
	GetHandleVerifier [0x00ACFE55+504469]
	GetHandleVerifier [0x00ACFBF0+503856]
	Ordinal0 [0x00A3C9C8+1493448]
	GetHandleVerifier [0x00AD062A+506474]
	Ordinal0 [0x009C7156+1012054]
	Ordinal0 [0x009C6FCF+1011663]
	Ordinal0 [0x009D135B+1053531]
	Ordinal0 [0x009D14C3+1053891]
	Ordinal0 [0x009D04F5+1049845]
	BaseThreadInitThunk [0x76DB6359+25]
	RtlGetAppContainerNamedObjectPath [0x776C7B74+228]
	RtlGetAppContainerNamedObjectPath [0x776C7B44+180]
">
      <![CDATA[org.openqa.selenium.SessionNotCreatedException: session not created: This version of ChromeDriver only supports Chrome version 75
Build info: version: '3.141.59', revision: 'e82be7d358', time: '2018-11-14T08:17:03'
System info: host: 'AAWAD', ip: '222.222.101.244', os.name: 'Windows 10', os.arch: 'amd64', os.version: '10.0', java.version: '1.8.0_221'
Driver info: driver.version: ChromeDriver
remote stacktrace: Backtrace:
Ordinal0 [0x00A31B43+1448771]
Ordinal0 [0x009B5A31+940593]
Ordinal0 [0x00942293+467603]
Ordinal0 [0x008DF27E+62078]
Ordinal0 [0x008DBBBD+48061]
Ordinal0 [0x008F8D09+167177]
Ordinal0 [0x008F88DD+166109]
Ordinal0 [0x008F6FEB+159723]
Ordinal0 [0x008E09F6+68086]
Ordinal0 [0x008E1990+72080]
Ordinal0 [0x008E1929+71977]
GetHandleVerifier [0x00B72E8C+1172172]
GetHandleVerifier [0x00ACFE55+504469]
GetHandleVerifier [0x00ACFBF0+503856]
Ordinal0 [0x00A3C9C8+1493448]
GetHandleVerifier [0x00AD062A+506474]
Ordinal0 [0x009C7156+1012054]
Ordinal0 [0x009C6FCF+1011663]
Ordinal0 [0x009D135B+1053531]
Ordinal0 [0x009D14C3+1053891]
Ordinal0 [0x009D04F5+1049845]
BaseThreadInitThunk [0x76DB6359+25]
RtlGetAppContainerNamedObjectPath [0x776C7B74+228]
RtlGetAppContainerNamedObjectPath [0x776C7B44+180]

at sun.reflect.NativeConstructorAccessorImpl.newInstance0(Native Method)
at sun.reflect.NativeConstructorAccessorImpl.newInstance(Unknown Source)
at sun.reflect.DelegatingConstructorAccessorImpl.newInstance(Unknown Source)
at java.lang.reflect.Constructor.newInstance(Unknown Source)
at org.openqa.selenium.remote.W3CHandshakeResponse.lambda$errorHandler$0(W3CHandshakeResponse.java:62)
at org.openqa.selenium.remote.HandshakeResponse.lambda$getResponseFunction$0(HandshakeResponse.java:30)
at org.openqa.selenium.remote.ProtocolHandshake.lambda$createSession$0(ProtocolHandshake.java:126)
at java.util.stream.ReferencePipeline$3$1.accept(Unknown Source)
at java.util.Spliterators$ArraySpliterator.tryAdvance(Unknown Source)
at java.util.stream.ReferencePipeline.forEachWithCancel(Unknown Source)
at java.util.stream.AbstractPipeline.copyIntoWithCancel(Unknown Source)
at java.util.stream.AbstractPipeline.copyInto(Unknown Source)
at java.util.stream.AbstractPipeline.wrapAndCopyInto(Unknown Source)
at java.util.stream.FindOps$FindOp.evaluateSequential(Unknown Source)
at java.util.stream.AbstractPipeline.evaluate(Unknown Source)
at java.util.stream.ReferencePipeline.findFirst(Unknown Source)
at org.openqa.selenium.remote.ProtocolHandshake.createSession(ProtocolHandshake.java:128)
at org.openqa.selenium.remote.ProtocolHandshake.createSession(ProtocolHandshake.java:74)
at org.openqa.selenium.remote.HttpCommandExecutor.execute(HttpCommandExecutor.java:136)
at org.openqa.selenium.remote.service.DriverCommandExecutor.execute(DriverCommandExecutor.java:83)
at org.openqa.selenium.remote.RemoteWebDriver.execute(RemoteWebDriver.java:552)
at org.openqa.selenium.remote.RemoteWebDriver.startSession(RemoteWebDriver.java:213)
at org.openqa.selenium.remote.RemoteWebDriver.<init>(RemoteWebDriver.java:131)
at org.openqa.selenium.chrome.ChromeDriver.<init>(ChromeDriver.java:181)
at org.openqa.selenium.chrome.ChromeDriver.<init>(ChromeDriver.java:168)
at org.openqa.selenium.chrome.ChromeDriver.<init>(ChromeDriver.java:123)
at tests.TestBase.startDrive(TestBase.java:19)
at sun.reflect.NativeMethodAccessorImpl.invoke0(Native Method)
at sun.reflect.NativeMethodAccessorImpl.invoke(Unknown Source)
at sun.reflect.DelegatingMethodAccessorImpl.invoke(Unknown Source)
at java.lang.reflect.Method.invoke(Unknown Source)
at org.testng.internal.MethodInvocationHelper.invokeMethod(MethodInvocationHelper.java:124)
at org.testng.internal.MethodInvocationHelper.invokeMethodConsideringTimeout(MethodInvocationHelper.java:59)
at org.testng.internal.Invoker.invokeConfigurationMethod(Invoker.java:458)
at org.testng.internal.Invoker.invokeConfigurations(Invoker.java:222)
at org.testng.internal.Invoker.invokeConfigurations(Invoker.java:142)
at org.testng.SuiteRunner.privateRun(SuiteRunner.java:401)
at org.testng.SuiteRunner.run(SuiteRunner.java:364)
at org.testng.SuiteRunnerWorker.runSuite(SuiteRunnerWorker.java:52)
at org.testng.SuiteRunnerWorker.run(SuiteRunnerWorker.java:84)
at org.testng.TestNG.runSuitesSequentially(TestNG.java:1208)
at org.testng.TestNG.runSuitesLocally(TestNG.java:1137)
at org.testng.TestNG.runSuites(TestNG.java:1049)
at org.testng.TestNG.run(TestNG.java:1017)
at org.testng.remote.AbstractRemoteTestNG.run(AbstractRemoteTestNG.java:115)
at org.testng.remote.RemoteTestNG.initAndRun(RemoteTestNG.java:251)
at org.testng.remote.RemoteTestNG.main(RemoteTestNG.java:77)
]]>
    </error>
  </testcase> <!-- startDrive -->
  <testcase name="clickOnApps" time="0.000" classname="tests.TestAppPage">
    <skipped/>
  </testcase> <!-- clickOnApps -->
  <testcase name="selectItem" time="0.000" classname="tests.TestAppPage">
    <skipped/>
  </testcase> <!-- selectItem -->
  <testcase name="selectApp" time="0.000" classname="tests.TestAppPage">
    <skipped/>
  </testcase> <!-- selectApp -->
</testsuite> <!-- tests.TestAppPage -->
