<?xml version="1.0" encoding="UTF-8"?>
<!-- Generated by org.testng.reporters.JUnitReportReporter -->
<testsuite hostname="amsalah-Lap" failures="0" tests="2" name="tests.TestForSearch" time="2.197" errors="1" timestamp="26 Dec 2020 10:17:10 GMT" skipped="1">
  <testcase classname="tests.TestForSearch" name="testSearch" time="0.000">
    <skipped/>
  </testcase> <!-- testSearch -->
  <testcase classname="tests.TestForSearch" name="startDrive" time="2.197">
    <error message="session not created: This version of ChromeDriver only supports Chrome version 81
Build info: version: &#039;3.141.59&#039;, revision: &#039;e82be7d358&#039;, time: &#039;2018-11-14T08:17:03&#039;
System info: host: &#039;AMSALAH-LAP&#039;, ip: &#039;192.168.43.133&#039;, os.name: &#039;Windows 10&#039;, os.arch: &#039;amd64&#039;, os.version: &#039;10.0&#039;, java.version: &#039;12.0.2&#039;
Driver info: driver.version: ChromeDriver
remote stacktrace: Backtrace:
	Ordinal0 [0x00355F73+2449267]
	Ordinal0 [0x00288361+1606497]
	Ordinal0 [0x0017F969+522601]
	Ordinal0 [0x001105F3+67059]
	Ordinal0 [0x0010CD92+52626]
	Ordinal0 [0x0012C127+180519]
	Ordinal0 [0x0012BF2D+180013]
	Ordinal0 [0x00129E5B+171611]
	Ordinal0 [0x00111DD8+73176]
	Ordinal0 [0x00112E50+77392]
	Ordinal0 [0x00112DE9+77289]
	Ordinal0 [0x0029D8D7+1693911]
	GetHandleVerifier [0x003F4036+522726]
	GetHandleVerifier [0x003F3D74+522020]
	GetHandleVerifier [0x00409187+609079]
	GetHandleVerifier [0x003F48A6+524886]
	Ordinal0 [0x00295CBC+1662140]
	Ordinal0 [0x0029F23B+1700411]
	Ordinal0 [0x0029F3A3+1700771]
	Ordinal0 [0x002B5215+1790485]
	BaseThreadInitThunk [0x758EFA29+25]
	RtlGetAppContainerNamedObjectPath [0x777C75F4+228]
	RtlGetAppContainerNamedObjectPath [0x777C75C4+180]
" type="org.openqa.selenium.SessionNotCreatedException">
      <![CDATA[org.openqa.selenium.SessionNotCreatedException: session not created: This version of ChromeDriver only supports Chrome version 81
Build info: version: '3.141.59', revision: 'e82be7d358', time: '2018-11-14T08:17:03'
System info: host: 'AMSALAH-LAP', ip: '192.168.43.133', os.name: 'Windows 10', os.arch: 'amd64', os.version: '10.0', java.version: '12.0.2'
Driver info: driver.version: ChromeDriver
remote stacktrace: Backtrace:
Ordinal0 [0x00355F73+2449267]
Ordinal0 [0x00288361+1606497]
Ordinal0 [0x0017F969+522601]
Ordinal0 [0x001105F3+67059]
Ordinal0 [0x0010CD92+52626]
Ordinal0 [0x0012C127+180519]
Ordinal0 [0x0012BF2D+180013]
Ordinal0 [0x00129E5B+171611]
Ordinal0 [0x00111DD8+73176]
Ordinal0 [0x00112E50+77392]
Ordinal0 [0x00112DE9+77289]
Ordinal0 [0x0029D8D7+1693911]
GetHandleVerifier [0x003F4036+522726]
GetHandleVerifier [0x003F3D74+522020]
GetHandleVerifier [0x00409187+609079]
GetHandleVerifier [0x003F48A6+524886]
Ordinal0 [0x00295CBC+1662140]
Ordinal0 [0x0029F23B+1700411]
Ordinal0 [0x0029F3A3+1700771]
Ordinal0 [0x002B5215+1790485]
BaseThreadInitThunk [0x758EFA29+25]
RtlGetAppContainerNamedObjectPath [0x777C75F4+228]
RtlGetAppContainerNamedObjectPath [0x777C75C4+180]

at java.base/jdk.internal.reflect.NativeConstructorAccessorImpl.newInstance0(Native Method)
at java.base/jdk.internal.reflect.NativeConstructorAccessorImpl.newInstance(NativeConstructorAccessorImpl.java:62)
at java.base/jdk.internal.reflect.DelegatingConstructorAccessorImpl.newInstance(DelegatingConstructorAccessorImpl.java:45)
at java.base/java.lang.reflect.Constructor.newInstanceWithCaller(Constructor.java:500)
at java.base/java.lang.reflect.Constructor.newInstance(Constructor.java:481)
at org.openqa.selenium.remote.W3CHandshakeResponse.lambda$errorHandler$0(W3CHandshakeResponse.java:62)
at org.openqa.selenium.remote.HandshakeResponse.lambda$getResponseFunction$0(HandshakeResponse.java:30)
at org.openqa.selenium.remote.ProtocolHandshake.lambda$createSession$0(ProtocolHandshake.java:126)
at java.base/java.util.stream.ReferencePipeline$3$1.accept(ReferencePipeline.java:195)
at java.base/java.util.Spliterators$ArraySpliterator.tryAdvance(Spliterators.java:958)
at java.base/java.util.stream.ReferencePipeline.forEachWithCancel(ReferencePipeline.java:127)
at java.base/java.util.stream.AbstractPipeline.copyIntoWithCancel(AbstractPipeline.java:502)
at java.base/java.util.stream.AbstractPipeline.copyInto(AbstractPipeline.java:488)
at java.base/java.util.stream.AbstractPipeline.wrapAndCopyInto(AbstractPipeline.java:474)
at java.base/java.util.stream.FindOps$FindOp.evaluateSequential(FindOps.java:150)
at java.base/java.util.stream.AbstractPipeline.evaluate(AbstractPipeline.java:234)
at java.base/java.util.stream.ReferencePipeline.findFirst(ReferencePipeline.java:543)
at org.openqa.selenium.remote.ProtocolHandshake.createSession(ProtocolHandshake.java:128)
at org.openqa.selenium.remote.ProtocolHandshake.createSession(ProtocolHandshake.java:74)
at org.openqa.selenium.remote.HttpCommandExecutor.execute(HttpCommandExecutor.java:136)
at org.openqa.selenium.remote.service.DriverCommandExecutor.execute(DriverCommandExecutor.java:83)
at org.openqa.selenium.remote.RemoteWebDriver.execute(RemoteWebDriver.java:552)
at org.openqa.selenium.remote.RemoteWebDriver.startSession(RemoteWebDriver.java:213)
at org.openqa.selenium.remote.RemoteWebDriver.<init>(RemoteWebDriver.java:131)
at org.openqa.selenium.chrome.ChromeDriver.<init>(ChromeDriver.java:181)
at org.openqa.selenium.chrome.ChromeDriver.<init>(ChromeDriver.java:168)
at org.openqa.selenium.chrome.ChromeDriver.<init>(ChromeDriver.java:123)
at tests.TestBase.startDrive(TestBase.java:19)
at java.base/jdk.internal.reflect.NativeMethodAccessorImpl.invoke0(Native Method)
at java.base/jdk.internal.reflect.NativeMethodAccessorImpl.invoke(NativeMethodAccessorImpl.java:62)
at java.base/jdk.internal.reflect.DelegatingMethodAccessorImpl.invoke(DelegatingMethodAccessorImpl.java:43)
at java.base/java.lang.reflect.Method.invoke(Method.java:567)
at org.testng.internal.MethodInvocationHelper.invokeMethod(MethodInvocationHelper.java:124)
at org.testng.internal.MethodInvocationHelper.invokeMethodConsideringTimeout(MethodInvocationHelper.java:59)
at org.testng.internal.Invoker.invokeConfigurationMethod(Invoker.java:458)
at org.testng.internal.Invoker.invokeConfigurations(Invoker.java:222)
at org.testng.internal.Invoker.invokeConfigurations(Invoker.java:142)
at org.testng.SuiteRunner.privateRun(SuiteRunner.java:401)
at org.testng.SuiteRunner.run(SuiteRunner.java:364)
at org.testng.SuiteRunnerWorker.runSuite(SuiteRunnerWorker.java:52)
at org.testng.SuiteRunnerWorker.run(SuiteRunnerWorker.java:84)
at org.testng.TestNG.runSuitesSequentially(TestNG.java:1208)
at org.testng.TestNG.runSuitesLocally(TestNG.java:1137)
at org.testng.TestNG.runSuites(TestNG.java:1049)
at org.testng.TestNG.run(TestNG.java:1017)
at org.testng.remote.AbstractRemoteTestNG.run(AbstractRemoteTestNG.java:115)
at org.testng.remote.RemoteTestNG.initAndRun(RemoteTestNG.java:251)
at org.testng.remote.RemoteTestNG.main(RemoteTestNG.java:77)
]]>
    </error>
  </testcase> <!-- startDrive -->
</testsuite> <!-- tests.TestForSearch -->
